2024-07-20 15:22:37,160 INFO o.a.j.u.JMeterUtils: Setting Locale to en_EN
2024-07-20 15:22:37,196 INFO o.a.j.JMeter: Loading user properties from: user.properties
2024-07-20 15:22:37,196 INFO o.a.j.JMeter: Loading system properties from: system.properties
2024-07-20 15:22:37,209 INFO o.a.j.JMeter: Copyright (c) 1998-2024 The Apache Software Foundation
2024-07-20 15:22:37,209 INFO o.a.j.JMeter: Version 5.6.3
2024-07-20 15:22:37,209 INFO o.a.j.JMeter: java.version=21.0.1
2024-07-20 15:22:37,209 INFO o.a.j.JMeter: java.vm.name=OpenJDK 64-Bit Server VM
2024-07-20 15:22:37,209 INFO o.a.j.JMeter: os.name=Windows 11
2024-07-20 15:22:37,209 INFO o.a.j.JMeter: os.arch=amd64
2024-07-20 15:22:37,209 INFO o.a.j.JMeter: os.version=10.0
2024-07-20 15:22:37,210 INFO o.a.j.JMeter: file.encoding=UTF-8
2024-07-20 15:22:37,210 INFO o.a.j.JMeter: java.awt.headless=null
2024-07-20 15:22:37,210 INFO o.a.j.JMeter: Max memory     =1073741824
2024-07-20 15:22:37,210 INFO o.a.j.JMeter: Available Processors =16
2024-07-20 15:22:37,219 INFO o.a.j.JMeter: Default Locale=English (EN)
2024-07-20 15:22:37,220 INFO o.a.j.JMeter: JMeter  Locale=English (EN)
2024-07-20 15:22:37,220 INFO o.a.j.JMeter: JMeterHome=C:\Users\prabe\Downloads\apache-jmeter-5.6.3\apache-jmeter-5.6.3
2024-07-20 15:22:37,220 INFO o.a.j.JMeter: user.dir  =C:\Users\prabe\Downloads\apache-jmeter-5.6.3\apache-jmeter-5.6.3\bin
2024-07-20 15:22:37,220 INFO o.a.j.JMeter: PWD       =C:\Users\prabe\Downloads\apache-jmeter-5.6.3\apache-jmeter-5.6.3\bin
2024-07-20 15:22:42,181 INFO o.a.j.JMeter: IP: 192.168.56.1 Name: StuffedSkull FullName: StuffedSkull
2024-07-20 15:22:42,191 INFO o.a.j.JMeter: Loaded icon properties from org/apache/jmeter/images/icon.properties
2024-07-20 15:22:42,397 INFO o.a.j.JMeterGuiLauncher: Setting LAF to: com.github.weisj.darklaf.DarkLaf:com.github.weisj.darklaf.theme.DarculaTheme
2024-07-20 15:23:25,954 INFO o.a.j.p.h.s.HTTPSamplerBase: Parser for text/html is org.apache.jmeter.protocol.http.parser.LagartoBasedHtmlParser
2024-07-20 15:23:25,956 INFO o.a.j.p.h.s.HTTPSamplerBase: Parser for application/xhtml+xml is org.apache.jmeter.protocol.http.parser.LagartoBasedHtmlParser
2024-07-20 15:23:25,957 INFO o.a.j.p.h.s.HTTPSamplerBase: Parser for application/xml is org.apache.jmeter.protocol.http.parser.LagartoBasedHtmlParser
2024-07-20 15:23:25,957 INFO o.a.j.p.h.s.HTTPSamplerBase: Parser for text/xml is org.apache.jmeter.protocol.http.parser.LagartoBasedHtmlParser
2024-07-20 15:23:25,957 INFO o.a.j.p.h.s.HTTPSamplerBase: Parser for text/vnd.wap.wml is org.apache.jmeter.protocol.http.parser.RegexpHTMLParser
2024-07-20 15:23:25,957 INFO o.a.j.p.h.s.HTTPSamplerBase: Parser for text/css is org.apache.jmeter.protocol.http.parser.CssParser
2024-07-20 15:24:33,577 INFO o.a.j.s.SampleResult: Note: Sample TimeStamps are START times
2024-07-20 15:24:33,577 INFO o.a.j.s.SampleResult: sampleresult.default.encoding is set to UTF-8
2024-07-20 15:24:33,577 INFO o.a.j.s.SampleResult: sampleresult.useNanoTime=true
2024-07-20 15:24:33,577 INFO o.a.j.s.SampleResult: sampleresult.nanoThreadSleep=5000
2024-07-20 15:25:09,560 INFO o.a.j.s.FileServer: Default base='C:\Users\prabe\Downloads\apache-jmeter-5.6.3\apache-jmeter-5.6.3\bin'
2024-07-20 15:25:09,561 INFO o.a.j.s.FileServer: Set new base='C:\Users\prabe\Downloads\apache-jmeter-5.6.3\apache-jmeter-5.6.3\bin'
2024-07-20 15:25:09,864 INFO o.a.j.s.SaveService: Testplan (JMX) version: 2.2. Testlog (JTL) version: 2.2
2024-07-20 15:25:09,893 INFO o.a.j.s.SaveService: Using SaveService properties version 5.0
2024-07-20 15:25:09,898 INFO o.a.j.s.SaveService: Using SaveService properties file encoding UTF-8
2024-07-20 15:25:09,927 INFO o.a.j.e.StandardJMeterEngine: Running the test!
2024-07-20 15:25:09,928 INFO o.a.j.s.SampleEvent: List of sample_variables: []
2024-07-20 15:25:09,928 INFO o.a.j.s.SampleEvent: List of sample_variables: []
2024-07-20 15:25:09,929 INFO o.a.j.e.u.CompoundVariable: Note: Function class names must contain the string: '.functions.'
2024-07-20 15:25:09,929 INFO o.a.j.e.u.CompoundVariable: Note: Function class names must not contain the string: '.gui.'
2024-07-20 15:25:09,972 INFO o.a.j.g.u.JMeterMenuBar: setRunning(true, *local*)
2024-07-20 15:25:09,999 INFO o.a.j.e.StandardJMeterEngine: Starting ThreadGroup: 1 : Thread Group
2024-07-20 15:25:09,999 INFO o.a.j.e.StandardJMeterEngine: Starting 15 threads for group Thread Group.
2024-07-20 15:25:09,999 INFO o.a.j.e.StandardJMeterEngine: Thread will continue on error
2024-07-20 15:25:09,999 INFO o.a.j.t.ThreadGroup: Starting thread group... number=1 threads=15 ramp-up=1 delayedStart=false
2024-07-20 15:25:10,002 INFO o.a.j.t.JMeterThread: Thread started: Thread Group 1-1
2024-07-20 15:25:10,006 INFO o.a.j.t.ThreadGroup: Started thread group number 1
2024-07-20 15:25:10,006 INFO o.a.j.e.StandardJMeterEngine: All thread groups have been started
2024-07-20 15:25:10,018 INFO o.a.j.p.h.s.HTTPHCAbstractImpl: Local host = StuffedSkull
2024-07-20 15:25:10,029 INFO o.a.j.p.h.s.HTTPHC4Impl: HTTP request retry count = 0
2024-07-20 15:25:10,068 INFO o.a.j.t.JMeterThread: Thread started: Thread Group 1-2
2024-07-20 15:25:10,134 INFO o.a.j.t.JMeterThread: Thread started: Thread Group 1-3
2024-07-20 15:25:10,201 INFO o.a.j.t.JMeterThread: Thread started: Thread Group 1-4
2024-07-20 15:25:10,268 INFO o.a.j.t.JMeterThread: Thread started: Thread Group 1-5
2024-07-20 15:25:10,335 INFO o.a.j.t.JMeterThread: Thread started: Thread Group 1-6
2024-07-20 15:25:10,343 INFO o.a.j.t.JMeterThread: Thread is done: Thread Group 1-4
2024-07-20 15:25:10,343 INFO o.a.j.t.JMeterThread: Thread is done: Thread Group 1-6
2024-07-20 15:25:10,343 INFO o.a.j.t.JMeterThread: Thread finished: Thread Group 1-4
2024-07-20 15:25:10,343 INFO o.a.j.t.JMeterThread: Thread is done: Thread Group 1-5
2024-07-20 15:25:10,343 INFO o.a.j.t.JMeterThread: Thread is done: Thread Group 1-2
2024-07-20 15:25:10,343 INFO o.a.j.t.JMeterThread: Thread finished: Thread Group 1-6
2024-07-20 15:25:10,343 INFO o.a.j.t.JMeterThread: Thread finished: Thread Group 1-2
2024-07-20 15:25:10,343 INFO o.a.j.t.JMeterThread: Thread finished: Thread Group 1-5
2024-07-20 15:25:10,402 INFO o.a.j.t.JMeterThread: Thread started: Thread Group 1-7
2024-07-20 15:25:10,411 INFO o.a.j.t.JMeterThread: Thread is done: Thread Group 1-7
2024-07-20 15:25:10,412 INFO o.a.j.t.JMeterThread: Thread finished: Thread Group 1-7
2024-07-20 15:25:10,469 INFO o.a.j.t.JMeterThread: Thread started: Thread Group 1-8
2024-07-20 15:25:10,476 INFO o.a.j.t.JMeterThread: Thread is done: Thread Group 1-8
2024-07-20 15:25:10,476 INFO o.a.j.t.JMeterThread: Thread finished: Thread Group 1-8
2024-07-20 15:25:10,536 INFO o.a.j.t.JMeterThread: Thread started: Thread Group 1-9
2024-07-20 15:25:10,542 INFO o.a.j.t.JMeterThread: Thread is done: Thread Group 1-9
2024-07-20 15:25:10,543 INFO o.a.j.t.JMeterThread: Thread finished: Thread Group 1-9
2024-07-20 15:25:10,604 INFO o.a.j.t.JMeterThread: Thread started: Thread Group 1-10
2024-07-20 15:25:10,611 INFO o.a.j.t.JMeterThread: Thread is done: Thread Group 1-10
2024-07-20 15:25:10,611 INFO o.a.j.t.JMeterThread: Thread finished: Thread Group 1-10
2024-07-20 15:25:10,670 INFO o.a.j.t.JMeterThread: Thread started: Thread Group 1-11
2024-07-20 15:25:10,679 INFO o.a.j.t.JMeterThread: Thread is done: Thread Group 1-11
2024-07-20 15:25:10,679 INFO o.a.j.t.JMeterThread: Thread finished: Thread Group 1-11
2024-07-20 15:25:10,738 INFO o.a.j.t.JMeterThread: Thread started: Thread Group 1-12
2024-07-20 15:25:10,744 INFO o.a.j.t.JMeterThread: Thread is done: Thread Group 1-12
2024-07-20 15:25:10,744 INFO o.a.j.t.JMeterThread: Thread finished: Thread Group 1-12
2024-07-20 15:25:10,760 INFO o.a.j.t.JMeterThread: Thread is done: Thread Group 1-1
2024-07-20 15:25:10,760 INFO o.a.j.t.JMeterThread: Thread finished: Thread Group 1-1
2024-07-20 15:25:10,764 INFO o.a.j.t.JMeterThread: Thread is done: Thread Group 1-3
2024-07-20 15:25:10,764 INFO o.a.j.t.JMeterThread: Thread finished: Thread Group 1-3
2024-07-20 15:25:10,804 INFO o.a.j.t.JMeterThread: Thread started: Thread Group 1-13
2024-07-20 15:25:10,812 INFO o.a.j.t.JMeterThread: Thread is done: Thread Group 1-13
2024-07-20 15:25:10,812 INFO o.a.j.t.JMeterThread: Thread finished: Thread Group 1-13
2024-07-20 15:25:10,871 INFO o.a.j.t.JMeterThread: Thread started: Thread Group 1-14
2024-07-20 15:25:10,940 INFO o.a.j.t.JMeterThread: Thread started: Thread Group 1-15
2024-07-20 15:25:10,947 INFO o.a.j.t.JMeterThread: Thread is done: Thread Group 1-14
2024-07-20 15:25:10,947 INFO o.a.j.t.JMeterThread: Thread finished: Thread Group 1-14
2024-07-20 15:25:11,015 INFO o.a.j.t.JMeterThread: Thread is done: Thread Group 1-15
2024-07-20 15:25:11,016 INFO o.a.j.t.JMeterThread: Thread finished: Thread Group 1-15
2024-07-20 15:25:11,016 INFO o.a.j.e.StandardJMeterEngine: Notifying test listeners of end of test
2024-07-20 15:25:11,016 INFO o.a.j.g.u.JMeterMenuBar: setRunning(false, *local*)
2024-07-20 15:27:57,494 INFO o.a.j.e.StandardJMeterEngine: Running the test!
2024-07-20 15:27:57,494 INFO o.a.j.s.SampleEvent: List of sample_variables: []
2024-07-20 15:27:57,495 INFO o.a.j.g.u.JMeterMenuBar: setRunning(true, *local*)
2024-07-20 15:27:57,520 INFO o.a.j.e.StandardJMeterEngine: Starting ThreadGroup: 1 : Thread Group
2024-07-20 15:27:57,520 INFO o.a.j.e.StandardJMeterEngine: Starting 15 threads for group Thread Group.
2024-07-20 15:27:57,520 INFO o.a.j.e.StandardJMeterEngine: Thread will continue on error
2024-07-20 15:27:57,520 INFO o.a.j.t.ThreadGroup: Starting thread group... number=1 threads=15 ramp-up=1 delayedStart=false
2024-07-20 15:27:57,521 INFO o.a.j.t.JMeterThread: Thread started: Thread Group 1-1
2024-07-20 15:27:57,522 INFO o.a.j.t.ThreadGroup: Started thread group number 1
2024-07-20 15:27:57,523 INFO o.a.j.e.StandardJMeterEngine: All thread groups have been started
2024-07-20 15:27:57,595 INFO o.a.j.t.JMeterThread: Thread started: Thread Group 1-2
2024-07-20 15:27:57,658 INFO o.a.j.t.JMeterThread: Thread started: Thread Group 1-3
2024-07-20 15:27:57,674 INFO o.a.j.t.JMeterThread: Thread is done: Thread Group 1-3
2024-07-20 15:27:57,674 INFO o.a.j.t.JMeterThread: Thread finished: Thread Group 1-3
2024-07-20 15:27:57,737 INFO o.a.j.t.JMeterThread: Thread started: Thread Group 1-4
2024-07-20 15:27:57,743 INFO o.a.j.t.JMeterThread: Thread is done: Thread Group 1-4
2024-07-20 15:27:57,744 INFO o.a.j.t.JMeterThread: Thread finished: Thread Group 1-4
2024-07-20 15:27:57,801 INFO o.a.j.t.JMeterThread: Thread started: Thread Group 1-5
2024-07-20 15:27:57,808 INFO o.a.j.t.JMeterThread: Thread is done: Thread Group 1-5
2024-07-20 15:27:57,808 INFO o.a.j.t.JMeterThread: Thread finished: Thread Group 1-5
2024-07-20 15:27:57,865 INFO o.a.j.t.JMeterThread: Thread started: Thread Group 1-6
2024-07-20 15:27:57,872 INFO o.a.j.t.JMeterThread: Thread is done: Thread Group 1-6
2024-07-20 15:27:57,872 INFO o.a.j.t.JMeterThread: Thread finished: Thread Group 1-6
2024-07-20 15:27:57,929 INFO o.a.j.t.JMeterThread: Thread started: Thread Group 1-7
2024-07-20 15:27:57,937 INFO o.a.j.t.JMeterThread: Thread is done: Thread Group 1-7
2024-07-20 15:27:57,938 INFO o.a.j.t.JMeterThread: Thread finished: Thread Group 1-7
2024-07-20 15:27:57,970 INFO o.a.j.t.JMeterThread: Thread is done: Thread Group 1-2
2024-07-20 15:27:57,970 INFO o.a.j.t.JMeterThread: Thread is done: Thread Group 1-1
2024-07-20 15:27:57,970 INFO o.a.j.t.JMeterThread: Thread finished: Thread Group 1-2
2024-07-20 15:27:57,970 INFO o.a.j.t.JMeterThread: Thread finished: Thread Group 1-1
2024-07-20 15:27:57,992 INFO o.a.j.t.JMeterThread: Thread started: Thread Group 1-8
2024-07-20 15:27:57,999 INFO o.a.j.t.JMeterThread: Thread is done: Thread Group 1-8
2024-07-20 15:27:57,999 INFO o.a.j.t.JMeterThread: Thread finished: Thread Group 1-8
2024-07-20 15:27:58,071 INFO o.a.j.t.JMeterThread: Thread started: Thread Group 1-9
2024-07-20 15:27:58,079 INFO o.a.j.t.JMeterThread: Thread is done: Thread Group 1-9
2024-07-20 15:27:58,079 INFO o.a.j.t.JMeterThread: Thread finished: Thread Group 1-9
2024-07-20 15:27:58,133 INFO o.a.j.t.JMeterThread: Thread started: Thread Group 1-10
2024-07-20 15:27:58,139 INFO o.a.j.t.JMeterThread: Thread is done: Thread Group 1-10
2024-07-20 15:27:58,139 INFO o.a.j.t.JMeterThread: Thread finished: Thread Group 1-10
2024-07-20 15:27:58,196 INFO o.a.j.t.JMeterThread: Thread started: Thread Group 1-11
2024-07-20 15:27:58,202 INFO o.a.j.t.JMeterThread: Thread is done: Thread Group 1-11
2024-07-20 15:27:58,202 INFO o.a.j.t.JMeterThread: Thread finished: Thread Group 1-11
2024-07-20 15:27:58,258 INFO o.a.j.t.JMeterThread: Thread started: Thread Group 1-12
2024-07-20 15:27:58,265 INFO o.a.j.t.JMeterThread: Thread is done: Thread Group 1-12
2024-07-20 15:27:58,265 INFO o.a.j.t.JMeterThread: Thread finished: Thread Group 1-12
2024-07-20 15:27:58,337 INFO o.a.j.t.JMeterThread: Thread started: Thread Group 1-13
2024-07-20 15:27:58,345 INFO o.a.j.t.JMeterThread: Thread is done: Thread Group 1-13
2024-07-20 15:27:58,345 INFO o.a.j.t.JMeterThread: Thread finished: Thread Group 1-13
2024-07-20 15:27:58,401 INFO o.a.j.t.JMeterThread: Thread started: Thread Group 1-14
2024-07-20 15:27:58,408 INFO o.a.j.t.JMeterThread: Thread is done: Thread Group 1-14
2024-07-20 15:27:58,408 INFO o.a.j.t.JMeterThread: Thread finished: Thread Group 1-14
2024-07-20 15:27:58,464 INFO o.a.j.t.JMeterThread: Thread started: Thread Group 1-15
2024-07-20 15:27:58,469 INFO o.a.j.t.JMeterThread: Thread is done: Thread Group 1-15
2024-07-20 15:27:58,470 INFO o.a.j.t.JMeterThread: Thread finished: Thread Group 1-15
2024-07-20 15:27:58,470 INFO o.a.j.e.StandardJMeterEngine: Notifying test listeners of end of test
2024-07-20 15:27:58,470 INFO o.a.j.g.u.JMeterMenuBar: setRunning(false, *local*)
2024-07-20 15:30:13,213 INFO o.a.j.e.StandardJMeterEngine: Running the test!
2024-07-20 15:30:13,214 INFO o.a.j.s.SampleEvent: List of sample_variables: []
2024-07-20 15:30:13,214 INFO o.a.j.g.u.JMeterMenuBar: setRunning(true, *local*)
2024-07-20 15:30:13,236 INFO o.a.j.e.StandardJMeterEngine: Starting ThreadGroup: 1 : Thread Group
2024-07-20 15:30:13,236 INFO o.a.j.e.StandardJMeterEngine: Starting 15 threads for group Thread Group.
2024-07-20 15:30:13,236 INFO o.a.j.e.StandardJMeterEngine: Thread will continue on error
2024-07-20 15:30:13,236 INFO o.a.j.t.ThreadGroup: Starting thread group... number=1 threads=15 ramp-up=1 delayedStart=false
2024-07-20 15:30:13,237 INFO o.a.j.t.JMeterThread: Thread started: Thread Group 1-1
2024-07-20 15:30:13,238 INFO o.a.j.t.ThreadGroup: Started thread group number 1
2024-07-20 15:30:13,238 INFO o.a.j.e.StandardJMeterEngine: All thread groups have been started
2024-07-20 15:30:13,294 INFO o.a.j.t.JMeterThread: Thread is done: Thread Group 1-1
2024-07-20 15:30:13,294 INFO o.a.j.t.JMeterThread: Thread finished: Thread Group 1-1
2024-07-20 15:30:13,305 INFO o.a.j.t.JMeterThread: Thread started: Thread Group 1-2
2024-07-20 15:30:13,351 INFO o.a.j.t.JMeterThread: Thread is done: Thread Group 1-2
2024-07-20 15:30:13,351 INFO o.a.j.t.JMeterThread: Thread finished: Thread Group 1-2
2024-07-20 15:30:13,372 INFO o.a.j.t.JMeterThread: Thread started: Thread Group 1-3
2024-07-20 15:30:13,376 INFO o.a.j.t.JMeterThread: Thread is done: Thread Group 1-3
2024-07-20 15:30:13,376 INFO o.a.j.t.JMeterThread: Thread finished: Thread Group 1-3
2024-07-20 15:30:13,439 INFO o.a.j.t.JMeterThread: Thread started: Thread Group 1-4
2024-07-20 15:30:13,445 INFO o.a.j.t.JMeterThread: Thread is done: Thread Group 1-4
2024-07-20 15:30:13,446 INFO o.a.j.t.JMeterThread: Thread finished: Thread Group 1-4
2024-07-20 15:30:13,505 INFO o.a.j.t.JMeterThread: Thread started: Thread Group 1-5
2024-07-20 15:30:13,509 INFO o.a.j.t.JMeterThread: Thread is done: Thread Group 1-5
2024-07-20 15:30:13,510 INFO o.a.j.t.JMeterThread: Thread finished: Thread Group 1-5
2024-07-20 15:30:13,572 INFO o.a.j.t.JMeterThread: Thread started: Thread Group 1-6
2024-07-20 15:30:13,576 INFO o.a.j.t.JMeterThread: Thread is done: Thread Group 1-6
2024-07-20 15:30:13,576 INFO o.a.j.t.JMeterThread: Thread finished: Thread Group 1-6
2024-07-20 15:30:13,640 INFO o.a.j.t.JMeterThread: Thread started: Thread Group 1-7
2024-07-20 15:30:13,645 INFO o.a.j.t.JMeterThread: Thread is done: Thread Group 1-7
2024-07-20 15:30:13,645 INFO o.a.j.t.JMeterThread: Thread finished: Thread Group 1-7
2024-07-20 15:30:13,706 INFO o.a.j.t.JMeterThread: Thread started: Thread Group 1-8
2024-07-20 15:30:13,710 INFO o.a.j.t.JMeterThread: Thread is done: Thread Group 1-8
2024-07-20 15:30:13,710 INFO o.a.j.t.JMeterThread: Thread finished: Thread Group 1-8
2024-07-20 15:30:13,774 INFO o.a.j.t.JMeterThread: Thread started: Thread Group 1-9
2024-07-20 15:30:13,778 INFO o.a.j.t.JMeterThread: Thread is done: Thread Group 1-9
2024-07-20 15:30:13,778 INFO o.a.j.t.JMeterThread: Thread finished: Thread Group 1-9
2024-07-20 15:30:13,841 INFO o.a.j.t.JMeterThread: Thread started: Thread Group 1-10
2024-07-20 15:30:13,845 INFO o.a.j.t.JMeterThread: Thread is done: Thread Group 1-10
2024-07-20 15:30:13,845 INFO o.a.j.t.JMeterThread: Thread finished: Thread Group 1-10
2024-07-20 15:30:13,907 INFO o.a.j.t.JMeterThread: Thread started: Thread Group 1-11
2024-07-20 15:30:13,911 INFO o.a.j.t.JMeterThread: Thread is done: Thread Group 1-11
2024-07-20 15:30:13,912 INFO o.a.j.t.JMeterThread: Thread finished: Thread Group 1-11
2024-07-20 15:30:13,974 INFO o.a.j.t.JMeterThread: Thread started: Thread Group 1-12
2024-07-20 15:30:13,978 INFO o.a.j.t.JMeterThread: Thread is done: Thread Group 1-12
2024-07-20 15:30:13,978 INFO o.a.j.t.JMeterThread: Thread finished: Thread Group 1-12
2024-07-20 15:30:14,042 INFO o.a.j.t.JMeterThread: Thread started: Thread Group 1-13
2024-07-20 15:30:14,046 INFO o.a.j.t.JMeterThread: Thread is done: Thread Group 1-13
2024-07-20 15:30:14,046 INFO o.a.j.t.JMeterThread: Thread finished: Thread Group 1-13
2024-07-20 15:30:14,108 INFO o.a.j.t.JMeterThread: Thread started: Thread Group 1-14
2024-07-20 15:30:14,113 INFO o.a.j.t.JMeterThread: Thread is done: Thread Group 1-14
2024-07-20 15:30:14,113 INFO o.a.j.t.JMeterThread: Thread finished: Thread Group 1-14
2024-07-20 15:30:14,175 INFO o.a.j.t.JMeterThread: Thread started: Thread Group 1-15
2024-07-20 15:30:14,180 INFO o.a.j.t.JMeterThread: Thread is done: Thread Group 1-15
2024-07-20 15:30:14,180 INFO o.a.j.t.JMeterThread: Thread finished: Thread Group 1-15
2024-07-20 15:30:14,180 INFO o.a.j.e.StandardJMeterEngine: Notifying test listeners of end of test
2024-07-20 15:30:14,180 INFO o.a.j.g.u.JMeterMenuBar: setRunning(false, *local*)
2024-07-20 15:33:14,189 INFO o.a.j.e.StandardJMeterEngine: Running the test!
2024-07-20 15:33:14,189 INFO o.a.j.s.SampleEvent: List of sample_variables: []
2024-07-20 15:33:14,190 INFO o.a.j.g.u.JMeterMenuBar: setRunning(true, *local*)
2024-07-20 15:33:14,214 INFO o.a.j.e.StandardJMeterEngine: Starting ThreadGroup: 1 : Thread Group
2024-07-20 15:33:14,214 INFO o.a.j.e.StandardJMeterEngine: Starting 15 threads for group Thread Group.
2024-07-20 15:33:14,214 INFO o.a.j.e.StandardJMeterEngine: Thread will continue on error
2024-07-20 15:33:14,214 INFO o.a.j.t.ThreadGroup: Starting thread group... number=1 threads=15 ramp-up=1 delayedStart=false
2024-07-20 15:33:14,215 INFO o.a.j.t.JMeterThread: Thread started: Thread Group 1-1
2024-07-20 15:33:14,216 INFO o.a.j.t.ThreadGroup: Started thread group number 1
2024-07-20 15:33:14,216 INFO o.a.j.e.StandardJMeterEngine: All thread groups have been started
2024-07-20 15:33:14,293 INFO o.a.j.t.JMeterThread: Thread started: Thread Group 1-2
2024-07-20 15:33:14,357 INFO o.a.j.t.JMeterThread: Thread started: Thread Group 1-3
2024-07-20 15:33:14,384 INFO o.a.j.t.JMeterThread: Thread is done: Thread Group 1-3
2024-07-20 15:33:14,385 INFO o.a.j.t.JMeterThread: Thread finished: Thread Group 1-3
2024-07-20 15:33:14,421 INFO o.a.j.t.JMeterThread: Thread started: Thread Group 1-4
2024-07-20 15:33:14,427 INFO o.a.j.t.JMeterThread: Thread is done: Thread Group 1-4
2024-07-20 15:33:14,427 INFO o.a.j.t.JMeterThread: Thread finished: Thread Group 1-4
2024-07-20 15:33:14,485 INFO o.a.j.t.JMeterThread: Thread started: Thread Group 1-5
2024-07-20 15:33:14,491 INFO o.a.j.t.JMeterThread: Thread is done: Thread Group 1-5
2024-07-20 15:33:14,491 INFO o.a.j.t.JMeterThread: Thread finished: Thread Group 1-5
2024-07-20 15:33:14,562 INFO o.a.j.t.JMeterThread: Thread started: Thread Group 1-6
2024-07-20 15:33:14,569 INFO o.a.j.t.JMeterThread: Thread is done: Thread Group 1-6
2024-07-20 15:33:14,569 INFO o.a.j.t.JMeterThread: Thread finished: Thread Group 1-6
2024-07-20 15:33:14,625 INFO o.a.j.t.JMeterThread: Thread started: Thread Group 1-7
2024-07-20 15:33:14,631 INFO o.a.j.t.JMeterThread: Thread is done: Thread Group 1-7
2024-07-20 15:33:14,632 INFO o.a.j.t.JMeterThread: Thread finished: Thread Group 1-7
2024-07-20 15:33:14,646 INFO o.a.j.t.JMeterThread: Thread is done: Thread Group 1-1
2024-07-20 15:33:14,646 INFO o.a.j.t.JMeterThread: Thread is done: Thread Group 1-2
2024-07-20 15:33:14,646 INFO o.a.j.t.JMeterThread: Thread finished: Thread Group 1-1
2024-07-20 15:33:14,646 INFO o.a.j.t.JMeterThread: Thread finished: Thread Group 1-2
2024-07-20 15:33:14,686 INFO o.a.j.t.JMeterThread: Thread started: Thread Group 1-8
2024-07-20 15:33:14,694 INFO o.a.j.t.JMeterThread: Thread is done: Thread Group 1-8
2024-07-20 15:33:14,694 INFO o.a.j.t.JMeterThread: Thread finished: Thread Group 1-8
2024-07-20 15:33:14,765 INFO o.a.j.t.JMeterThread: Thread started: Thread Group 1-9
2024-07-20 15:33:14,770 INFO o.a.j.t.JMeterThread: Thread is done: Thread Group 1-9
2024-07-20 15:33:14,771 INFO o.a.j.t.JMeterThread: Thread finished: Thread Group 1-9
2024-07-20 15:33:14,828 INFO o.a.j.t.JMeterThread: Thread started: Thread Group 1-10
2024-07-20 15:33:14,834 INFO o.a.j.t.JMeterThread: Thread is done: Thread Group 1-10
2024-07-20 15:33:14,834 INFO o.a.j.t.JMeterThread: Thread finished: Thread Group 1-10
2024-07-20 15:33:14,890 INFO o.a.j.t.JMeterThread: Thread started: Thread Group 1-11
2024-07-20 15:33:14,895 INFO o.a.j.t.JMeterThread: Thread is done: Thread Group 1-11
2024-07-20 15:33:14,895 INFO o.a.j.t.JMeterThread: Thread finished: Thread Group 1-11
2024-07-20 15:33:14,953 INFO o.a.j.t.JMeterThread: Thread started: Thread Group 1-12
2024-07-20 15:33:14,959 INFO o.a.j.t.JMeterThread: Thread is done: Thread Group 1-12
2024-07-20 15:33:14,959 INFO o.a.j.t.JMeterThread: Thread finished: Thread Group 1-12
2024-07-20 15:33:15,032 INFO o.a.j.t.JMeterThread: Thread started: Thread Group 1-13
2024-07-20 15:33:15,039 INFO o.a.j.t.JMeterThread: Thread is done: Thread Group 1-13
2024-07-20 15:33:15,039 INFO o.a.j.t.JMeterThread: Thread finished: Thread Group 1-13
2024-07-20 15:33:15,096 INFO o.a.j.t.JMeterThread: Thread started: Thread Group 1-14
2024-07-20 15:33:15,105 INFO o.a.j.t.JMeterThread: Thread is done: Thread Group 1-14
2024-07-20 15:33:15,106 INFO o.a.j.t.JMeterThread: Thread finished: Thread Group 1-14
2024-07-20 15:33:15,160 INFO o.a.j.t.JMeterThread: Thread started: Thread Group 1-15
2024-07-20 15:33:15,166 INFO o.a.j.t.JMeterThread: Thread is done: Thread Group 1-15
2024-07-20 15:33:15,166 INFO o.a.j.t.JMeterThread: Thread finished: Thread Group 1-15
2024-07-20 15:33:15,166 INFO o.a.j.e.StandardJMeterEngine: Notifying test listeners of end of test
2024-07-20 15:33:15,166 INFO o.a.j.g.u.JMeterMenuBar: setRunning(false, *local*)
2024-07-20 15:33:25,890 INFO o.a.j.e.StandardJMeterEngine: Running the test!
2024-07-20 15:33:25,890 INFO o.a.j.s.SampleEvent: List of sample_variables: []
2024-07-20 15:33:25,891 INFO o.a.j.g.u.JMeterMenuBar: setRunning(true, *local*)
2024-07-20 15:33:25,912 INFO o.a.j.e.StandardJMeterEngine: Starting ThreadGroup: 1 : Thread Group
2024-07-20 15:33:25,913 INFO o.a.j.e.StandardJMeterEngine: Starting 15 threads for group Thread Group.
2024-07-20 15:33:25,913 INFO o.a.j.e.StandardJMeterEngine: Thread will continue on error
2024-07-20 15:33:25,913 INFO o.a.j.t.ThreadGroup: Starting thread group... number=1 threads=15 ramp-up=1 delayedStart=false
2024-07-20 15:33:25,913 INFO o.a.j.t.JMeterThread: Thread started: Thread Group 1-1
2024-07-20 15:33:25,914 INFO o.a.j.t.ThreadGroup: Started thread group number 1
2024-07-20 15:33:25,914 INFO o.a.j.e.StandardJMeterEngine: All thread groups have been started
2024-07-20 15:33:25,962 INFO o.a.j.t.JMeterThread: Thread is done: Thread Group 1-1
2024-07-20 15:33:25,963 INFO o.a.j.t.JMeterThread: Thread finished: Thread Group 1-1
2024-07-20 15:33:25,981 INFO o.a.j.t.JMeterThread: Thread started: Thread Group 1-2
2024-07-20 15:33:26,028 INFO o.a.j.t.JMeterThread: Thread is done: Thread Group 1-2
2024-07-20 15:33:26,028 INFO o.a.j.t.JMeterThread: Thread finished: Thread Group 1-2
2024-07-20 15:33:26,048 INFO o.a.j.t.JMeterThread: Thread started: Thread Group 1-3
2024-07-20 15:33:26,053 INFO o.a.j.t.JMeterThread: Thread is done: Thread Group 1-3
2024-07-20 15:33:26,053 INFO o.a.j.t.JMeterThread: Thread finished: Thread Group 1-3
2024-07-20 15:33:26,115 INFO o.a.j.t.JMeterThread: Thread started: Thread Group 1-4
2024-07-20 15:33:26,120 INFO o.a.j.t.JMeterThread: Thread is done: Thread Group 1-4
2024-07-20 15:33:26,120 INFO o.a.j.t.JMeterThread: Thread finished: Thread Group 1-4
2024-07-20 15:33:26,183 INFO o.a.j.t.JMeterThread: Thread started: Thread Group 1-5
2024-07-20 15:33:26,188 INFO o.a.j.t.JMeterThread: Thread is done: Thread Group 1-5
2024-07-20 15:33:26,188 INFO o.a.j.t.JMeterThread: Thread finished: Thread Group 1-5
2024-07-20 15:33:26,251 INFO o.a.j.t.JMeterThread: Thread started: Thread Group 1-6
2024-07-20 15:33:26,255 INFO o.a.j.t.JMeterThread: Thread is done: Thread Group 1-6
2024-07-20 15:33:26,255 INFO o.a.j.t.JMeterThread: Thread finished: Thread Group 1-6
2024-07-20 15:33:26,318 INFO o.a.j.t.JMeterThread: Thread started: Thread Group 1-7
2024-07-20 15:33:26,322 INFO o.a.j.t.JMeterThread: Thread is done: Thread Group 1-7
2024-07-20 15:33:26,322 INFO o.a.j.t.JMeterThread: Thread finished: Thread Group 1-7
2024-07-20 15:33:26,384 INFO o.a.j.t.JMeterThread: Thread started: Thread Group 1-8
2024-07-20 15:33:26,388 INFO o.a.j.t.JMeterThread: Thread is done: Thread Group 1-8
2024-07-20 15:33:26,388 INFO o.a.j.t.JMeterThread: Thread finished: Thread Group 1-8
2024-07-20 15:33:26,450 INFO o.a.j.t.JMeterThread: Thread started: Thread Group 1-9
2024-07-20 15:33:26,455 INFO o.a.j.t.JMeterThread: Thread is done: Thread Group 1-9
2024-07-20 15:33:26,455 INFO o.a.j.t.JMeterThread: Thread finished: Thread Group 1-9
2024-07-20 15:33:26,517 INFO o.a.j.t.JMeterThread: Thread started: Thread Group 1-10
2024-07-20 15:33:26,522 INFO o.a.j.t.JMeterThread: Thread is done: Thread Group 1-10
2024-07-20 15:33:26,522 INFO o.a.j.t.JMeterThread: Thread finished: Thread Group 1-10
2024-07-20 15:33:26,585 INFO o.a.j.t.JMeterThread: Thread started: Thread Group 1-11
2024-07-20 15:33:26,590 INFO o.a.j.t.JMeterThread: Thread is done: Thread Group 1-11
2024-07-20 15:33:26,590 INFO o.a.j.t.JMeterThread: Thread finished: Thread Group 1-11
2024-07-20 15:33:26,651 INFO o.a.j.t.JMeterThread: Thread started: Thread Group 1-12
2024-07-20 15:33:26,655 INFO o.a.j.t.JMeterThread: Thread is done: Thread Group 1-12
2024-07-20 15:33:26,655 INFO o.a.j.t.JMeterThread: Thread finished: Thread Group 1-12
2024-07-20 15:33:26,719 INFO o.a.j.t.JMeterThread: Thread started: Thread Group 1-13
2024-07-20 15:33:26,724 INFO o.a.j.t.JMeterThread: Thread is done: Thread Group 1-13
2024-07-20 15:33:26,724 INFO o.a.j.t.JMeterThread: Thread finished: Thread Group 1-13
2024-07-20 15:33:26,786 INFO o.a.j.t.JMeterThread: Thread started: Thread Group 1-14
2024-07-20 15:33:26,791 INFO o.a.j.t.JMeterThread: Thread is done: Thread Group 1-14
2024-07-20 15:33:26,791 INFO o.a.j.t.JMeterThread: Thread finished: Thread Group 1-14
2024-07-20 15:33:26,852 INFO o.a.j.t.JMeterThread: Thread started: Thread Group 1-15
2024-07-20 15:33:26,856 INFO o.a.j.t.JMeterThread: Thread is done: Thread Group 1-15
2024-07-20 15:33:26,856 INFO o.a.j.t.JMeterThread: Thread finished: Thread Group 1-15
2024-07-20 15:33:26,857 INFO o.a.j.e.StandardJMeterEngine: Notifying test listeners of end of test
2024-07-20 15:33:26,857 INFO o.a.j.g.u.JMeterMenuBar: setRunning(false, *local*)
2024-07-20 15:36:20,047 INFO o.a.j.e.StandardJMeterEngine: Running the test!
2024-07-20 15:36:20,047 INFO o.a.j.s.SampleEvent: List of sample_variables: []
2024-07-20 15:36:20,048 INFO o.a.j.g.u.JMeterMenuBar: setRunning(true, *local*)
2024-07-20 15:36:20,071 INFO o.a.j.e.StandardJMeterEngine: Starting ThreadGroup: 1 : Thread Group
2024-07-20 15:36:20,071 INFO o.a.j.e.StandardJMeterEngine: Starting 15 threads for group Thread Group.
2024-07-20 15:36:20,071 INFO o.a.j.e.StandardJMeterEngine: Thread will continue on error
2024-07-20 15:36:20,071 INFO o.a.j.t.ThreadGroup: Starting thread group... number=1 threads=15 ramp-up=1 delayedStart=false
2024-07-20 15:36:20,072 INFO o.a.j.t.JMeterThread: Thread started: Thread Group 1-1
2024-07-20 15:36:20,072 INFO o.a.j.t.ThreadGroup: Started thread group number 1
2024-07-20 15:36:20,072 INFO o.a.j.e.StandardJMeterEngine: All thread groups have been started
2024-07-20 15:36:20,138 INFO o.a.j.t.JMeterThread: Thread started: Thread Group 1-2
2024-07-20 15:36:20,207 INFO o.a.j.t.JMeterThread: Thread started: Thread Group 1-3
2024-07-20 15:36:20,273 INFO o.a.j.t.JMeterThread: Thread started: Thread Group 1-4
2024-07-20 15:36:20,341 INFO o.a.j.t.JMeterThread: Thread started: Thread Group 1-5
2024-07-20 15:36:20,408 INFO o.a.j.t.JMeterThread: Thread started: Thread Group 1-6
2024-07-20 15:36:20,474 INFO o.a.j.t.JMeterThread: Thread started: Thread Group 1-7
2024-07-20 15:36:20,541 INFO o.a.j.t.JMeterThread: Thread started: Thread Group 1-8
2024-07-20 15:36:20,608 INFO o.a.j.t.JMeterThread: Thread started: Thread Group 1-9
2024-07-20 15:36:20,675 INFO o.a.j.t.JMeterThread: Thread started: Thread Group 1-10
2024-07-20 15:36:20,743 INFO o.a.j.t.JMeterThread: Thread started: Thread Group 1-11
2024-07-20 15:36:20,811 INFO o.a.j.t.JMeterThread: Thread started: Thread Group 1-12
2024-07-20 15:36:20,878 INFO o.a.j.t.JMeterThread: Thread started: Thread Group 1-13
2024-07-20 15:36:20,944 INFO o.a.j.t.JMeterThread: Thread started: Thread Group 1-14
2024-07-20 15:36:21,011 INFO o.a.j.t.JMeterThread: Thread started: Thread Group 1-15
2024-07-20 15:36:21,328 INFO o.a.j.t.JMeterThread: Thread is done: Thread Group 1-1
2024-07-20 15:36:21,328 INFO o.a.j.t.JMeterThread: Thread is done: Thread Group 1-2
2024-07-20 15:36:21,329 INFO o.a.j.t.JMeterThread: Thread finished: Thread Group 1-1
2024-07-20 15:36:21,329 INFO o.a.j.t.JMeterThread: Thread finished: Thread Group 1-2
2024-07-20 15:36:22,226 INFO o.a.j.t.JMeterThread: Thread is done: Thread Group 1-3
2024-07-20 15:36:22,226 INFO o.a.j.t.JMeterThread: Thread finished: Thread Group 1-3
2024-07-20 15:36:22,286 INFO o.a.j.t.JMeterThread: Thread is done: Thread Group 1-4
2024-07-20 15:36:22,286 INFO o.a.j.t.JMeterThread: Thread finished: Thread Group 1-4
2024-07-20 15:36:22,349 INFO o.a.j.t.JMeterThread: Thread is done: Thread Group 1-5
2024-07-20 15:36:22,349 INFO o.a.j.t.JMeterThread: Thread finished: Thread Group 1-5
2024-07-20 15:36:22,428 INFO o.a.j.t.JMeterThread: Thread is done: Thread Group 1-6
2024-07-20 15:36:22,428 INFO o.a.j.t.JMeterThread: Thread finished: Thread Group 1-6
2024-07-20 15:36:22,489 INFO o.a.j.t.JMeterThread: Thread is done: Thread Group 1-7
2024-07-20 15:36:22,489 INFO o.a.j.t.JMeterThread: Thread finished: Thread Group 1-7
2024-07-20 15:36:22,555 INFO o.a.j.t.JMeterThread: Thread is done: Thread Group 1-8
2024-07-20 15:36:22,555 INFO o.a.j.t.JMeterThread: Thread finished: Thread Group 1-8
2024-07-20 15:36:22,616 INFO o.a.j.t.JMeterThread: Thread is done: Thread Group 1-9
2024-07-20 15:36:22,616 INFO o.a.j.t.JMeterThread: Thread finished: Thread Group 1-9
2024-07-20 15:36:22,694 INFO o.a.j.t.JMeterThread: Thread is done: Thread Group 1-10
2024-07-20 15:36:22,694 INFO o.a.j.t.JMeterThread: Thread finished: Thread Group 1-10
2024-07-20 15:36:22,756 INFO o.a.j.t.JMeterThread: Thread is done: Thread Group 1-11
2024-07-20 15:36:22,757 INFO o.a.j.t.JMeterThread: Thread finished: Thread Group 1-11
2024-07-20 15:36:22,819 INFO o.a.j.t.JMeterThread: Thread is done: Thread Group 1-12
2024-07-20 15:36:22,819 INFO o.a.j.t.JMeterThread: Thread finished: Thread Group 1-12
2024-07-20 15:36:22,897 INFO o.a.j.t.JMeterThread: Thread is done: Thread Group 1-13
2024-07-20 15:36:22,897 INFO o.a.j.t.JMeterThread: Thread finished: Thread Group 1-13
2024-07-20 15:36:22,959 INFO o.a.j.t.JMeterThread: Thread is done: Thread Group 1-14
2024-07-20 15:36:22,959 INFO o.a.j.t.JMeterThread: Thread finished: Thread Group 1-14
2024-07-20 15:36:23,020 INFO o.a.j.t.JMeterThread: Thread is done: Thread Group 1-15
2024-07-20 15:36:23,021 INFO o.a.j.t.JMeterThread: Thread finished: Thread Group 1-15
2024-07-20 15:36:23,021 INFO o.a.j.e.StandardJMeterEngine: Notifying test listeners of end of test
2024-07-20 15:36:23,021 INFO o.a.j.g.u.JMeterMenuBar: setRunning(false, *local*)
